<?xml version="1.0" encoding="UTF-8"?>
<!-- Generated by org.testng.reporters.JUnitReportReporter -->
<testsuite skipped="0" hostname="sss-PC" name="com.vTiger.Home_Scripts.LoginLogout_VT_03" tests="1" failures="0" timestamp="27 Feb 2019 05:33:49 GMT" time="14.580" errors="0">
  <testcase name="testLoginLogout_VT_03" time="14.580" classname="com.vTiger.Home_Scripts.LoginLogout_VT_03"/>
</testsuite> <!-- com.vTiger.Home_Scripts.LoginLogout_VT_03 -->
