<?xml version="1.0" encoding="UTF-8"?>
<!-- Generated by org.testng.reporters.JUnitReportReporter -->
<testsuite skipped="0" hostname="sss-PC" name="com.Dolibarr.Financial_Scripts.AddInvoice_InFinance_DB_06" tests="1" failures="0" timestamp="28 Feb 2019 12:46:25 GMT" time="15.817" errors="0">
  <testcase name="testAddInvoice_InFinance_DB_06" time="15.817" classname="com.Dolibarr.Financial_Scripts.AddInvoice_InFinance_DB_06"/>
</testsuite> <!-- com.Dolibarr.Financial_Scripts.AddInvoice_InFinance_DB_06 -->
