<?xml version="1.0" encoding="UTF-8"?>
<!-- Generated by org.testng.reporters.JUnitReportReporter -->
<testsuite skipped="0" hostname="sss-PC" name="pageObjectModelFramework.CreateGroupTC_04" tests="1" failures="0" timestamp="23 Feb 2019 10:53:38 GMT" time="11.098" errors="0">
  <testcase name="testCreateGroupTC_04" time="11.098" classname="pageObjectModelFramework.CreateGroupTC_04"/>
</testsuite> <!-- pageObjectModelFramework.CreateGroupTC_04 -->
