<?xml version="1.0" encoding="UTF-8"?>
<!-- Generated by org.testng.reporters.JUnitReportReporter -->
<testsuite skipped="0" hostname="sss-PC" name="Dolibar.ThirdPartyCreate" tests="1" failures="0" timestamp="28 Feb 2019 12:46:25 GMT" time="1.833" errors="0">
  <testcase name="testThirdPartyCreate" time="1.833" classname="Dolibar.ThirdPartyCreate"/>
</testsuite> <!-- Dolibar.ThirdPartyCreate -->
