<?xml version="1.0" encoding="UTF-8"?>
<!-- Generated by org.testng.reporters.JUnitReportReporter -->
<testsuite skipped="1" hostname="sss-PC" name="com.vTiger.Home_Scripts.DeleteLead_VT_02" tests="1" failures="0" timestamp="27 Feb 2019 05:25:14 GMT" time="0.000" errors="0">
  <testcase name="testDeleteLead_VT_02" time="0.000" classname="com.vTiger.Home_Scripts.DeleteLead_VT_02">
    <skipped/>
  </testcase> <!-- testDeleteLead_VT_02 -->
</testsuite> <!-- com.vTiger.Home_Scripts.DeleteLead_VT_02 -->
